2026-05-02 20:58:47,875 - Shimizu - INFO - --- Đang tải các module ---
2026-05-02 20:58:47,954 - Shimizu - INFO - ✅ Đã tải: src.cogs.general
2026-05-02 20:58:47,960 - Shimizu - INFO - ✅ Đã tải: src.cogs.secret
2026-05-02 20:58:47,967 - Shimizu - INFO - ✅ Đã tải: src.cogs.utility
2026-05-02 20:58:48,199 - Shimizu - INFO - ✅ Đã tải: src.cogs.music
2026-05-02 20:58:48,202 - Shimizu - ERROR - ❌ Lỗi khi tải src.cogs.music.cog: Extension 'src.cogs.music.cog' raised an error: ClientException: Cog named 'Music' already loaded
2026-05-02 20:58:48,257 - Shimizu - ERROR - ❌ Lỗi khi tải src.cogs.music.models: Extension 'src.cogs.music.models' has no 'setup' function.
2026-05-02 20:58:48,301 - Shimizu - ERROR - ❌ Lỗi khi tải src.cogs.music.player: Extension 'src.cogs.music.player' has no 'setup' function.
2026-05-02 20:58:48,304 - Shimizu - ERROR - ❌ Lỗi khi tải src.cogs.music.views: Extension 'src.cogs.music.views' has no 'setup' function.
2026-05-02 20:58:48,306 - Shimizu - INFO - --- Hoàn tất tải module ---
2026-05-02 20:58:51,147 - Shimizu - INFO - 🚀 Shimizu đã trực tuyến!
2026-05-02 20:59:04,605 - Shimizu - INFO - --- Đang tải các module ---
2026-05-02 20:59:04,611 - Shimizu - INFO - [LOAD] src.cogs.general
2026-05-02 20:59:04,787 - Shimizu - INFO - [LOAD] src.cogs.music
2026-05-02 20:59:04,789 - Shimizu - INFO - [LOAD] src.cogs.secret
2026-05-02 20:59:04,792 - Shimizu - INFO - [LOAD] src.cogs.utility
2026-05-02 20:59:04,792 - Shimizu - INFO - --- Hoàn tất tải module ---
2026-05-02 20:59:07,568 - Shimizu - INFO - 🚀 Shimizu đã trực tuyến!
2026-05-02 22:28:42,431 - Shimizu - INFO - 🚀 Shimizu đã trực tuyến!
2026-05-02 22:28:48,730 - Shimizu - INFO - 🚀 Shimizu đã trực tuyến!
2026-05-02 23:03:11,791 - discord.client - INFO - logging in using static token
2026-05-02 23:03:12,553 - Shimizu - INFO - --- Loading modules ---
2026-05-02 23:03:12,555 - Shimizu - INFO - [LOAD] src.cogs.general
2026-05-02 23:03:12,778 - Shimizu - INFO - [LOAD] src.cogs.music
2026-05-02 23:03:12,781 - Shimizu - INFO - [LOAD] src.cogs.secret
2026-05-02 23:03:12,784 - Shimizu - INFO - [LOAD] src.cogs.utility
2026-05-02 23:03:12,784 - Shimizu - INFO - --- Modules loaded ---
2026-05-02 23:03:13,935 - discord.gateway - INFO - Shard ID None has connected to Gateway (Session ID: 4c29ac90ee385e27f9c85b800cbf53a7).
2026-05-02 23:03:15,950 - Shimizu - INFO - Bot Shimizu is online!
2026-05-02 23:03:21,562 - Shimizu - INFO - 👋 Đang tắt bot...
2026-05-02 23:05:49,228 - discord.client - INFO - logging in using static token
2026-05-02 23:05:49,970 - Shimizu - INFO - --- Loading modules ---
2026-05-02 23:05:49,973 - Shimizu - INFO - [LOAD] src.cogs.general
2026-05-02 23:05:50,195 - Shimizu - INFO - [LOAD] src.cogs.music
2026-05-02 23:05:50,198 - Shimizu - INFO - [LOAD] src.cogs.secret
2026-05-02 23:05:50,202 - Shimizu - INFO - [LOAD] src.cogs.utility
2026-05-02 23:05:50,202 - Shimizu - INFO - --- Modules loaded ---
2026-05-02 23:05:51,360 - discord.gateway - INFO - Shard ID None has connected to Gateway (Session ID: 286295eff616afa27b0c3506e216fec4).
2026-05-02 23:05:53,370 - Shimizu - INFO - Bot Shimizu is online!
2026-05-02 23:06:30,632 - discord.voice_state - INFO - Connecting to voice...
2026-05-02 23:06:30,632 - discord.voice_state - INFO - Starting voice handshake... (connection attempt 1)
2026-05-02 23:06:31,555 - discord.voice_state - INFO - Voice handshake complete. Endpoint found: c-hkg09-682239e1.discord.media:8443
2026-05-02 23:06:31,776 - discord.voice_state - INFO - Voice connection complete.
2026-05-02 23:07:45,291 - discord.voice_state - INFO - The voice handshake is being terminated for Channel ID 885877528546385953 (Guild ID 885877528093392906)
2026-05-02 23:07:45,307 - discord.player - INFO - ffmpeg process 6120 has not terminated. Waiting to terminate...
2026-05-02 23:07:45,307 - discord.player - INFO - ffmpeg process 6120 successfully terminated with return code of 1.
2026-05-02 23:07:45,309 - discord.player - INFO - ffmpeg process 6120 should have terminated with a return code of 1.
2026-05-02 23:08:10,196 - Shimizu - INFO - 👋 Đang tắt bot...
